# JRE version: Java(TM) SE Runtime Environment 18.9 (11.0.12+8) (build 11.0.12+8-LTS-237)
# Java VM: Java HotSpot(TM) 64-Bit Server VM 18.9 (11.0.12+8-LTS-237, mixed mode, tiered, compressed oops, g1 gc, windows-amd64)
Heap:
 garbage-first heap   total 118784K, used 22385K [0x0000000080000000, 0x0000000100000000)
  region size 1024K, 6 young (6144K), 5 survivors (5120K)
 Metaspace       used 35134K, capacity 35890K, committed 36096K, reserved 1081344K
  class space    used 4563K, capacity 4851K, committed 4864K, reserved 1048576K
GC Heap History (10 events):
Event: 1.673 GC heap before
{Heap before GC invocations=2 (full 0):
 garbage-first heap   total 98304K, used 36719K [0x0000000080000000, 0x0000000100000000)
  region size 1024K, 29 young (29696K), 1 survivors (1024K)
 Metaspace       used 10698K, capacity 10893K, committed 11264K, reserved 1058816K
  class space    used 1107K, capacity 1164K, committed 1280K, reserved 1048576K
}
Event: 1.679 GC heap after
{Heap after GC invocations=3 (full 0):
 garbage-first heap   total 98304K, used 13195K [0x0000000080000000, 0x0000000100000000)
  region size 1024K, 4 young (4096K), 4 survivors (4096K)
 Metaspace       used 10698K, capacity 10893K, committed 11264K, reserved 1058816K
  class space    used 1107K, capacity 1164K, committed 1280K, reserved 1048576K
}
Event: 3.767 GC heap before
{Heap before GC invocations=3 (full 0):
 garbage-first heap   total 98304K, used 51083K [0x0000000080000000, 0x0000000100000000)
  region size 1024K, 41 young (41984K), 4 survivors (4096K)
 Metaspace       used 17824K, capacity 18201K, committed 18432K, reserved 1064960K
  class space    used 2117K, capacity 2243K, committed 2304K, reserved 1048576K
}
Event: 3.792 GC heap after
{Heap after GC invocations=4 (full 0):
 garbage-first heap   total 98304K, used 16114K [0x0000000080000000, 0x0000000100000000)
  region size 1024K, 3 young (3072K), 3 survivors (3072K)
 Metaspace       used 17824K, capacity 18201K, committed 18432K, reserved 1064960K
  class space    used 2117K, capacity 2243K, committed 2304K, reserved 1048576K
}
Event: 4.227 GC heap before
{Heap before GC invocations=4 (full 0):
 garbage-first heap   total 98304K, used 33522K [0x0000000080000000, 0x0000000100000000)
  region size 1024K, 22 young (22528K), 3 survivors (3072K)
 Metaspace       used 20606K, capacity 21101K, committed 21248K, reserved 1067008K
  class space    used 2520K, capacity 2706K, committed 2816K, reserved 1048576K
}
Event: 4.232 GC heap after
{Heap after GC invocations=5 (full 0):
 garbage-first heap   total 118784K, used 16670K [0x0000000080000000, 0x0000000100000000)
  region size 1024K, 4 young (4096K), 4 survivors (4096K)
 Metaspace       used 20606K, capacity 21101K, committed 21248K, reserved 1067008K
  class space    used 2520K, capacity 2706K, committed 2816K, reserved 1048576K
}
Event: 5.971 GC heap before
{Heap before GC invocations=6 (full 0):
 garbage-first heap   total 118784K, used 61726K [0x0000000080000000, 0x0000000100000000)
  region size 1024K, 48 young (49152K), 4 survivors (4096K)
 Metaspace       used 25335K, capacity 25833K, committed 26112K, reserved 1071104K
  class space    used 3288K, capacity 3500K, committed 3584K, reserved 1048576K
}
Event: 5.977 GC heap after
{Heap after GC invocations=7 (full 0):
 garbage-first heap   total 118784K, used 18173K [0x0000000080000000, 0x0000000100000000)
  region size 1024K, 3 young (3072K), 3 survivors (3072K)
 Metaspace       used 25335K, capacity 25833K, committed 26112K, reserved 1071104K
  class space    used 3288K, capacity 3500K, committed 3584K, reserved 1048576K
}
Event: 8.586 GC heap before
{Heap before GC invocations=7 (full 0):
 garbage-first heap   total 118784K, used 74493K [0x0000000080000000, 0x0000000100000000)
  region size 1024K, 58 young (59392K), 3 survivors (3072K)
 Metaspace       used 34806K, capacity 35456K, committed 35584K, reserved 1079296K
  class space    used 4535K, capacity 4814K, committed 4864K, reserved 1048576K
}
Event: 8.597 GC heap after
{Heap after GC invocations=8 (full 0):
 garbage-first heap   total 118784K, used 21669K [0x0000000080000000, 0x0000000100000000)
  region size 1024K, 6 young (6144K), 6 survivors (6144K)
 Metaspace       used 34806K, capacity 35456K, committed 35584K, reserved 1079296K
  class space    used 4535K, capacity 4814K, committed 4864K, reserved 1048576K
}

