{"/home/tendo/rydexuser_mobile_app/App.js": {"path":"/home/tendo/rydexuser_mobile_app/App.js","statementMap":{"0":{"start":{"line":17,"column":12},"end":{"line":87,"column":1}},"1":{"start":{"line":18,"column":40},"end":{"line":18,"column":55}},"2":{"start":{"line":20,"column":17},"end":{"line":22,"column":3}},"3":{"start":{"line":21,"column":4},"end":{"line":21,"column":25}},"4":{"start":{"line":24,"column":17},"end":{"line":26,"column":3}},"5":{"start":{"line":25,"column":4},"end":{"line":25,"column":25}},"6":{"start":{"line":28,"column":21},"end":{"line":44,"column":3}},"7":{"start":{"line":29,"column":4},"end":{"line":43,"column":6}},"8":{"start":{"line":46,"column":20},"end":{"line":53,"column":3}},"9":{"start":{"line":47,"column":4},"end":{"line":51,"column":5}},"10":{"start":{"line":55,"column":2},"end":{"line":86,"column":4}},"11":{"start":{"line":69,"column":29},"end":{"line":69,"column":50}},"12":{"start":{"line":93,"column":15},"end":{"line":145,"column":2}},"13":{"start":{"line":148,"column":15},"end":{"line":174,"column":1}}},"fnMap":{"0":{"name":"(anonymous_0)","decl":{"start":{"line":17,"column":12},"end":{"line":17,"column":13}},"loc":{"start":{"line":17,"column":18},"end":{"line":87,"column":1}},"line":17},"1":{"name":"(anonymous_1)","decl":{"start":{"line":20,"column":17},"end":{"line":20,"column":18}},"loc":{"start":{"line":20,"column":23},"end":{"line":22,"column":3}},"line":20},"2":{"name":"(anonymous_2)","decl":{"start":{"line":24,"column":17},"end":{"line":24,"column":18}},"loc":{"start":{"line":24,"column":23},"end":{"line":26,"column":3}},"line":24},"3":{"name":"(anonymous_3)","decl":{"start":{"line":28,"column":21},"end":{"line":28,"column":22}},"loc":{"start":{"line":28,"column":35},"end":{"line":44,"column":3}},"line":28},"4":{"name":"(anonymous_4)","decl":{"start":{"line":46,"column":20},"end":{"line":46,"column":21}},"loc":{"start":{"line":46,"column":25},"end":{"line":53,"column":3}},"line":46},"5":{"name":"(anonymous_5)","decl":{"start":{"line":69,"column":23},"end":{"line":69,"column":24}},"loc":{"start":{"line":69,"column":29},"end":{"line":69,"column":50}},"line":69}},"branchMap":{"0":{"loc":{"start":{"line":57,"column":7},"end":{"line":84,"column":7}},"type":"cond-expr","locations":[{"start":{"line":58,"column":8},"end":{"line":72,"column":23}},{"start":{"line":74,"column":8},"end":{"line":83,"column":10}}],"line":57}},"s":{"0":0,"1":0,"2":0,"3":0,"4":0,"5":0,"6":0,"7":0,"8":0,"9":0,"10":0,"11":0,"12":0,"13":0},"f":{"0":0,"1":0,"2":0,"3":0,"4":0,"5":0},"b":{"0":[0,0]}}
,"/home/tendo/rydexuser_mobile_app/screens/AppIntro1.jsx": {"path":"/home/tendo/rydexuser_mobile_app/screens/AppIntro1.jsx","statementMap":{},"fnMap":{},"branchMap":{},"s":{},"f":{},"b":{},"inputSourceMap":null}
,"/home/tendo/rydexuser_mobile_app/screens/AppIntroData.js": {"path":"/home/tendo/rydexuser_mobile_app/screens/AppIntroData.js","statementMap":{},"fnMap":{},"branchMap":{},"s":{},"f":{},"b":{}}
}
